2025-12-24 01:04:53,014 INFO:Navigating to LinkedIn login page...
2025-12-24 01:04:58,867 INFO:Locating email input field...
2025-12-24 01:04:58,880 INFO:Locating password input field...
2025-12-24 01:04:58,888 INFO:Entering email...
2025-12-24 01:04:58,888 ERROR:Login failed: 'NoneType' object is not iterable
2025-12-24 01:04:58,988 INFO:Saved screenshot as login_failure_screenshot.png for debugging.
2025-12-24 01:04:58,989 WARNING:Login failed or manual intervention required.
2025-12-24 01:04:59,064 INFO:Saved screenshot as login_failure_screenshot.png for debugging.
2025-12-24 01:06:11,133 INFO:Navigating to LinkedIn login page...
2025-12-24 01:06:16,005 INFO:Locating email input field...
2025-12-24 01:06:16,019 INFO:Locating password input field...
2025-12-24 01:06:16,032 INFO:Entering email...
2025-12-24 01:06:16,032 ERROR:Login failed: 'NoneType' object is not iterable
2025-12-24 01:06:16,137 INFO:Saved screenshot as login_failure_screenshot.png for debugging.
2025-12-24 01:06:16,137 WARNING:Login failed or manual intervention required.
2025-12-24 01:06:16,210 INFO:Saved screenshot as login_failure_screenshot.png for debugging.
2025-12-24 01:12:09,477 INFO:Navigating to LinkedIn login page...
2025-12-24 01:12:15,535 INFO:Locating email input field...
2025-12-24 01:12:15,550 INFO:Locating password input field...
2025-12-24 01:12:15,557 INFO:Entering email...
2025-12-24 01:12:15,558 ERROR:Login failed: 'NoneType' object is not iterable
2025-12-24 01:12:15,649 INFO:Saved screenshot as login_failure_screenshot.png for debugging.
2025-12-24 01:12:15,649 WARNING:Login failed or manual intervention required.
2025-12-24 01:12:15,726 INFO:Saved screenshot as login_failure_screenshot.png for debugging.
2025-12-24 01:15:02,285 INFO:Navigating to LinkedIn login page...
2025-12-24 01:15:04,235 INFO:Waiting for email input field...
2025-12-24 01:15:04,277 INFO:Waiting for password input field...
2025-12-24 01:15:04,366 INFO:Entering email...
2025-12-24 01:15:04,440 ERROR:Login failed: 'NoneType' object is not iterable
2025-12-24 01:15:04,658 INFO:Saved screenshot as login_failure_screenshot.png for debugging.
2025-12-24 01:15:04,659 WARNING:Login failed or manual intervention required.
2025-12-24 01:15:04,769 INFO:Saved screenshot as login_failure_screenshot.png for debugging.
2025-12-24 01:27:27,376 INFO:Navigating to LinkedIn login page...
2025-12-24 01:27:29,329 INFO:Waiting for email input field...
2025-12-24 01:27:29,365 INFO:Waiting for password input field...
2025-12-24 01:27:29,454 INFO:Entering email (masked)...
2025-12-24 01:27:32,256 INFO:Email entered.
2025-12-24 01:27:32,256 INFO:Entering password (masked)...
2025-12-24 01:27:33,653 INFO:Password entered.
2025-12-24 01:27:34,239 INFO:Waiting for login button...
2025-12-24 01:31:08,400 INFO:Navigating to LinkedIn login page...
2025-12-24 01:31:10,311 INFO:Waiting for email input field...
2025-12-24 01:31:10,351 INFO:Waiting for password input field...
2025-12-24 01:31:10,414 INFO:Entering email (masked)...
2025-12-24 01:31:13,408 INFO:Email entered.
2025-12-24 01:31:13,408 INFO:Entering password (masked)...
2025-12-24 01:31:15,000 INFO:Password entered.
2025-12-24 01:31:15,756 INFO:Locating login button (multiple strategies)...
2025-12-24 01:31:52,299 INFO:Primary selector failed, trying fallbacks...
2025-12-24 01:31:52,411 ERROR:Could not find a clickable login button. Taking screenshot and aborting.
2025-12-24 01:31:52,551 WARNING:Login failed or manual intervention required.
2025-12-24 01:31:52,727 INFO:Saved screenshot as login_failure_screenshot.png for debugging.
2025-12-24 01:34:41,691 INFO:Navigating to LinkedIn login page...
2025-12-24 01:34:43,798 INFO:Waiting for email input field...
2025-12-24 01:34:43,836 INFO:Waiting for password input field...
2025-12-24 01:34:43,886 INFO:Entering email (masked)...
2025-12-24 01:34:46,830 INFO:Email entered.
2025-12-24 01:34:46,830 INFO:Entering password (masked)...
2025-12-24 01:34:48,291 INFO:Password entered.
2025-12-24 01:34:49,124 INFO:Locating login button (multiple strategies)...
2025-12-24 01:35:14,632 INFO:Navigating to LinkedIn login page...
2025-12-24 01:35:16,587 INFO:Waiting for email input field...
2025-12-24 01:35:16,616 INFO:Waiting for password input field...
2025-12-24 01:35:16,669 INFO:Entering email (masked)...
2025-12-24 01:35:19,447 INFO:Email entered.
2025-12-24 01:35:19,447 INFO:Entering password (masked)...
2025-12-24 01:35:21,112 INFO:Password entered.
2025-12-24 01:35:21,920 INFO:Locating login button (multiple strategies)...
2025-12-24 01:37:49,244 INFO:Navigating to LinkedIn login page...
2025-12-24 01:37:51,246 INFO:Waiting for email input field...
2025-12-24 01:37:51,277 INFO:Waiting for password input field...
2025-12-24 01:37:51,354 INFO:Entering email (masked)...
2025-12-24 01:37:54,311 INFO:Email entered.
2025-12-24 01:37:54,311 INFO:Entering password (masked)...
2025-12-24 01:37:55,685 INFO:Password entered.
2025-12-24 01:37:56,660 INFO:Locating login button (multiple strategies)...
2025-12-24 01:38:12,137 INFO:Navigating to LinkedIn login page...
2025-12-24 01:38:14,177 INFO:Waiting for email input field...
2025-12-24 01:38:14,210 INFO:Waiting for password input field...
2025-12-24 01:38:14,276 INFO:Entering email (masked)...
2025-12-24 01:38:17,065 INFO:Email entered.
2025-12-24 01:38:17,065 INFO:Entering password (masked)...
2025-12-24 01:38:18,660 INFO:Password entered.
2025-12-24 01:38:19,850 INFO:Locating login button (multiple strategies)...
2025-12-24 01:38:50,186 INFO:Primary selector failed, trying fallbacks...
2025-12-24 01:38:57,012 INFO:Clicked login button.
2025-12-24 01:39:01,181 INFO:Current URL after login attempt: https://www.linkedin.com/feed/
2025-12-24 01:39:01,191 INFO:Detected LinkedIn feed. Login successful.
2025-12-24 01:39:01,191 INFO:Login successful!
2025-12-24 01:39:01,196 INFO:Cookies saved to linkedin_cookies.txt.
2025-12-24 01:39:37,846 INFO:Navigating to LinkedIn login page...
2025-12-24 01:39:39,844 INFO:Waiting for email input field...
2025-12-24 01:39:39,873 INFO:Waiting for password input field...
2025-12-24 01:39:39,948 INFO:Entering email (masked)...
2025-12-24 01:39:42,802 INFO:Email entered.
2025-12-24 01:39:42,802 INFO:Entering password (masked)...
2025-12-24 01:39:44,249 INFO:Password entered.
2025-12-24 01:39:45,147 INFO:Locating login button (multiple strategies)...
2025-12-24 01:40:15,481 INFO:Primary selector failed, trying fallbacks...
2025-12-24 01:40:15,615 INFO:Clicked login button.
2025-12-24 01:40:21,083 INFO:Current URL after login attempt: https://www.linkedin.com/login
2025-12-24 01:40:21,097 WARNING:Login failed: Did not reach feed or checkpoint page.
2025-12-24 01:40:21,097 WARNING:Login failed or manual intervention required.
2025-12-24 01:40:21,198 INFO:Saved screenshot as login_failure_screenshot.png for debugging.
